
*** Running vivado
    with args -log guessing_game.vds -m64 -product Vivado -mode batch -messageDb vivado.pb -notrace -source guessing_game.tcl



****** Vivado v2020.1 (64-bit)
  **** SW Build 2902540 on Wed May 27 19:54:49 MDT 2020
  **** IP Build 2902112 on Wed May 27 22:43:36 MDT 2020
    ** Copyright 1986-2020 Xilinx, Inc. All Rights Reserved.

source guessing_game.tcl -notrace
Command: synth_design -top guessing_game -part xc7a35tcpg236-1
Starting synth_design
Attempting to get a license for feature 'Synthesis' and/or device 'xc7a35t'
INFO: [Common 17-349] Got license for feature 'Synthesis' and/or device 'xc7a35t'
INFO: [Device 21-403] Loading part xc7a35tcpg236-1
INFO: [Synth 8-7079] Multithreading enabled for synth_design using a maximum of 2 processes.
INFO: [Synth 8-7078] Launching helper process for spawning children vivado processes
INFO: [Synth 8-7075] Helper process launched with PID 21048
---------------------------------------------------------------------------------
Starting RTL Elaboration : Time (s): cpu = 00:00:04 ; elapsed = 00:00:05 . Memory (MB): peak = 1110.922 ; gain = 0.000
---------------------------------------------------------------------------------
INFO: [Synth 8-6157] synthesizing module 'guessing_game' [H:/DL202010_Lab11/Lab 11/systemverilog/guessing_game.sv:23]
INFO: [Synth 8-6157] synthesizing module 'debounce' [H:/DL202010_Lab11/Lab 11/systemverilog/debounce.sv:4]
	Parameter N bound to: 21 - type: integer 
	Parameter zero bound to: 2'b00 
	Parameter wait1 bound to: 2'b01 
	Parameter one bound to: 2'b11 
	Parameter wait0 bound to: 2'b10 
INFO: [Synth 8-6155] done synthesizing module 'debounce' (1#1) [H:/DL202010_Lab11/Lab 11/systemverilog/debounce.sv:4]
INFO: [Synth 8-6157] synthesizing module 'counter_slow' [H:/DL202010_Lab11/Lab 11/systemverilog/counter_slow.sv:23]
INFO: [Synth 8-6157] synthesizing module 'counter' [H:/Lab10B/Lab10/systemverilog/counter.sv:23]
	Parameter N bound to: 25 - type: integer 
INFO: [Synth 8-6157] synthesizing module 'register' [H:/DL202010_Lab09/Lab09/systemverilog/register.sv:23]
	Parameter N bound to: 25 - type: integer 
INFO: [Synth 8-6155] done synthesizing module 'register' (2#1) [H:/DL202010_Lab09/Lab09/systemverilog/register.sv:23]
INFO: [Synth 8-6155] done synthesizing module 'counter' (3#1) [H:/Lab10B/Lab10/systemverilog/counter.sv:23]
INFO: [Synth 8-6155] done synthesizing module 'counter_slow' (4#1) [H:/DL202010_Lab11/Lab 11/systemverilog/counter_slow.sv:23]
INFO: [Synth 8-6157] synthesizing module 'counter_fast' [H:/DL202010_Lab11/Lab 11/systemverilog/counter_fast.sv:23]
INFO: [Synth 8-6157] synthesizing module 'counter__parameterized0' [H:/Lab10B/Lab10/systemverilog/counter.sv:23]
	Parameter N bound to: 23 - type: integer 
INFO: [Synth 8-6157] synthesizing module 'register__parameterized0' [H:/DL202010_Lab09/Lab09/systemverilog/register.sv:23]
	Parameter N bound to: 23 - type: integer 
INFO: [Synth 8-6155] done synthesizing module 'register__parameterized0' (4#1) [H:/DL202010_Lab09/Lab09/systemverilog/register.sv:23]
INFO: [Synth 8-6155] done synthesizing module 'counter__parameterized0' (4#1) [H:/Lab10B/Lab10/systemverilog/counter.sv:23]
INFO: [Synth 8-6155] done synthesizing module 'counter_fast' (5#1) [H:/DL202010_Lab11/Lab 11/systemverilog/counter_fast.sv:23]
INFO: [Synth 8-6157] synthesizing module 'mux2' [H:/DL202010_Lab08/Lab08/systemverilog/mux2.sv:23]
	Parameter BITS bound to: 1 - type: integer 
INFO: [Synth 8-6155] done synthesizing module 'mux2' (6#1) [H:/DL202010_Lab08/Lab08/systemverilog/mux2.sv:23]
INFO: [Synth 8-6157] synthesizing module 'guess_FSM' [H:/DL202010_Lab11/Lab 11/systemverilog/guess_FSM.sv:23]
	Parameter N bound to: 1 - type: integer 
	Parameter s0 bound to: 3'b000 
	Parameter s1 bound to: 3'b001 
	Parameter s2 bound to: 3'b011 
	Parameter s3 bound to: 3'b010 
	Parameter swin bound to: 3'b100 
	Parameter slose bound to: 3'b101 
WARNING: [Synth 8-151] case item 3'b100 is unreachable [H:/DL202010_Lab11/Lab 11/systemverilog/guess_FSM.sv:91]
WARNING: [Synth 8-151] case item 3'b101 is unreachable [H:/DL202010_Lab11/Lab 11/systemverilog/guess_FSM.sv:98]
WARNING: [Synth 8-151] case item 3'b100 is unreachable [H:/DL202010_Lab11/Lab 11/systemverilog/guess_FSM.sv:137]
WARNING: [Synth 8-151] case item 3'b101 is unreachable [H:/DL202010_Lab11/Lab 11/systemverilog/guess_FSM.sv:142]
INFO: [Synth 8-6155] done synthesizing module 'guess_FSM' (7#1) [H:/DL202010_Lab11/Lab 11/systemverilog/guess_FSM.sv:23]
INFO: [Synth 8-6157] synthesizing module 'y_decoder' [H:/DL202010_Lab11/Lab 11/systemverilog/y_decoder.sv:23]
INFO: [Synth 8-6155] done synthesizing module 'y_decoder' (8#1) [H:/DL202010_Lab11/Lab 11/systemverilog/y_decoder.sv:23]
INFO: [Synth 8-6155] done synthesizing module 'guessing_game' (9#1) [H:/DL202010_Lab11/Lab 11/systemverilog/guessing_game.sv:23]
---------------------------------------------------------------------------------
Finished RTL Elaboration : Time (s): cpu = 00:00:05 ; elapsed = 00:00:06 . Memory (MB): peak = 1110.965 ; gain = 0.043
---------------------------------------------------------------------------------
---------------------------------------------------------------------------------
Start Handling Custom Attributes
---------------------------------------------------------------------------------
---------------------------------------------------------------------------------
Finished Handling Custom Attributes : Time (s): cpu = 00:00:06 ; elapsed = 00:00:07 . Memory (MB): peak = 1110.965 ; gain = 0.043
---------------------------------------------------------------------------------
---------------------------------------------------------------------------------
Finished RTL Optimization Phase 1 : Time (s): cpu = 00:00:06 ; elapsed = 00:00:07 . Memory (MB): peak = 1110.965 ; gain = 0.043
---------------------------------------------------------------------------------
Netlist sorting complete. Time (s): cpu = 00:00:00 ; elapsed = 00:00:00.004 . Memory (MB): peak = 1110.965 ; gain = 0.000
INFO: [Project 1-570] Preparing netlist for logic optimization

Processing XDC Constraints
Initializing timing engine
Parsing XDC File [H:/DL202010_Lab07/Lab07/Basys3_Lab07.xdc]
WARNING: [Vivado 12-584] No ports matched 'dp'. [H:/DL202010_Lab07/Lab07/Basys3_Lab07.xdc:97]
CRITICAL WARNING: [Common 17-55] 'set_property' expects at least one object. [H:/DL202010_Lab07/Lab07/Basys3_Lab07.xdc:97]
Resolution: If [get_<value>] was used to populate the object, check to make sure this command returns at least one valid object.
WARNING: [Vivado 12-584] No ports matched 'dp'. [H:/DL202010_Lab07/Lab07/Basys3_Lab07.xdc:98]
CRITICAL WARNING: [Common 17-55] 'set_property' expects at least one object. [H:/DL202010_Lab07/Lab07/Basys3_Lab07.xdc:98]
Resolution: If [get_<value>] was used to populate the object, check to make sure this command returns at least one valid object.
Finished Parsing XDC File [H:/DL202010_Lab07/Lab07/Basys3_Lab07.xdc]
INFO: [Project 1-236] Implementation specific constraints were found while reading constraint file [H:/DL202010_Lab07/Lab07/Basys3_Lab07.xdc]. These constraints will be ignored for synthesis but will be used in implementation. Impacted constraints are listed in the file [.Xil/guessing_game_propImpl.xdc].
Resolution: To avoid this warning, move constraints listed in [.Xil/guessing_game_propImpl.xdc] to another XDC file and exclude this new file from synthesis with the used_in_synthesis property (File Properties dialog in GUI) and re-run elaboration/synthesis.
Completed Processing XDC Constraints

Netlist sorting complete. Time (s): cpu = 00:00:00 ; elapsed = 00:00:00.001 . Memory (MB): peak = 1227.000 ; gain = 0.000
INFO: [Project 1-111] Unisim Transformation Summary:
No Unisim elements were transformed.

Constraint Validation Runtime : Time (s): cpu = 00:00:00 ; elapsed = 00:00:00.009 . Memory (MB): peak = 1227.000 ; gain = 0.000
---------------------------------------------------------------------------------
Finished Constraint Validation : Time (s): cpu = 00:00:12 ; elapsed = 00:00:14 . Memory (MB): peak = 1227.000 ; gain = 116.078
---------------------------------------------------------------------------------
---------------------------------------------------------------------------------
Start Loading Part and Timing Information
---------------------------------------------------------------------------------
Loading part: xc7a35tcpg236-1
---------------------------------------------------------------------------------
Finished Loading Part and Timing Information : Time (s): cpu = 00:00:12 ; elapsed = 00:00:14 . Memory (MB): peak = 1227.000 ; gain = 116.078
---------------------------------------------------------------------------------
---------------------------------------------------------------------------------
Start Applying 'set_property' XDC Constraints
---------------------------------------------------------------------------------
---------------------------------------------------------------------------------
Finished applying 'set_property' XDC Constraints : Time (s): cpu = 00:00:12 ; elapsed = 00:00:14 . Memory (MB): peak = 1227.000 ; gain = 116.078
---------------------------------------------------------------------------------
INFO: [Synth 8-802] inferred FSM for state register 'state_reg' in module 'debounce'
---------------------------------------------------------------------------------------------------
                   State |                     New Encoding |                Previous Encoding 
---------------------------------------------------------------------------------------------------
                    zero |                               00 |                               00
                   wait1 |                               01 |                               01
                     one |                               10 |                               11
                   wait0 |                               11 |                               10
---------------------------------------------------------------------------------------------------
INFO: [Synth 8-3354] encoded FSM with state register 'state_reg' using encoding 'sequential' in module 'debounce'
---------------------------------------------------------------------------------
Finished RTL Optimization Phase 2 : Time (s): cpu = 00:00:12 ; elapsed = 00:00:15 . Memory (MB): peak = 1227.000 ; gain = 116.078
---------------------------------------------------------------------------------
INFO: [Synth 8-223] decloning instance 'deb1' (debounce) to 'deb2'
INFO: [Synth 8-223] decloning instance 'deb1' (debounce) to 'deb3'
INFO: [Synth 8-223] decloning instance 'deb1' (debounce) to 'deb4'
---------------------------------------------------------------------------------
Start RTL Component Statistics 
---------------------------------------------------------------------------------
Detailed RTL Component Info : 
+---Adders : 
	   2 Input   25 Bit       Adders := 1     
	   2 Input   23 Bit       Adders := 1     
	   2 Input   21 Bit       Adders := 1     
+---Registers : 
	               25 Bit    Registers := 1     
	               23 Bit    Registers := 1     
	               21 Bit    Registers := 1     
	                2 Bit    Registers := 1     
+---Muxes : 
	   4 Input   21 Bit        Muxes := 1     
	   5 Input    7 Bit        Muxes := 1     
	   4 Input    4 Bit        Muxes := 1     
	   4 Input    2 Bit        Muxes := 1     
	   2 Input    2 Bit        Muxes := 4     
	   2 Input    1 Bit        Muxes := 3     
	   4 Input    1 Bit        Muxes := 2     
---------------------------------------------------------------------------------
Finished RTL Component Statistics 
---------------------------------------------------------------------------------
---------------------------------------------------------------------------------
Start Part Resource Summary
---------------------------------------------------------------------------------
Part Resources:
DSPs: 90 (col length:60)
BRAMs: 100 (col length: RAMB18 60 RAMB36 30)
---------------------------------------------------------------------------------
Finished Part Resource Summary
---------------------------------------------------------------------------------
---------------------------------------------------------------------------------
Start Cross Boundary and Area Optimization
---------------------------------------------------------------------------------
---------------------------------------------------------------------------------
Finished Cross Boundary and Area Optimization : Time (s): cpu = 00:00:14 ; elapsed = 00:00:17 . Memory (MB): peak = 1227.000 ; gain = 116.078
---------------------------------------------------------------------------------
---------------------------------------------------------------------------------
Start Applying XDC Timing Constraints
---------------------------------------------------------------------------------
---------------------------------------------------------------------------------
Finished Applying XDC Timing Constraints : Time (s): cpu = 00:00:21 ; elapsed = 00:00:25 . Memory (MB): peak = 1227.000 ; gain = 116.078
---------------------------------------------------------------------------------
---------------------------------------------------------------------------------
Start Timing Optimization
---------------------------------------------------------------------------------
---------------------------------------------------------------------------------
Finished Timing Optimization : Time (s): cpu = 00:00:21 ; elapsed = 00:00:25 . Memory (MB): peak = 1227.000 ; gain = 116.078
---------------------------------------------------------------------------------
---------------------------------------------------------------------------------
Start Technology Mapping
---------------------------------------------------------------------------------
---------------------------------------------------------------------------------
Finished Technology Mapping : Time (s): cpu = 00:00:21 ; elapsed = 00:00:25 . Memory (MB): peak = 1227.000 ; gain = 116.078
---------------------------------------------------------------------------------
---------------------------------------------------------------------------------
Start IO Insertion
---------------------------------------------------------------------------------
---------------------------------------------------------------------------------
Start Flattening Before IO Insertion
---------------------------------------------------------------------------------
---------------------------------------------------------------------------------
Finished Flattening Before IO Insertion
---------------------------------------------------------------------------------
---------------------------------------------------------------------------------
Start Final Netlist Cleanup
---------------------------------------------------------------------------------
---------------------------------------------------------------------------------
Finished Final Netlist Cleanup
---------------------------------------------------------------------------------
---------------------------------------------------------------------------------
Finished IO Insertion : Time (s): cpu = 00:00:25 ; elapsed = 00:00:28 . Memory (MB): peak = 1227.000 ; gain = 116.078
---------------------------------------------------------------------------------
---------------------------------------------------------------------------------
Start Renaming Generated Instances
---------------------------------------------------------------------------------
---------------------------------------------------------------------------------
Finished Renaming Generated Instances : Time (s): cpu = 00:00:25 ; elapsed = 00:00:28 . Memory (MB): peak = 1227.000 ; gain = 116.078
---------------------------------------------------------------------------------
---------------------------------------------------------------------------------
Start Rebuilding User Hierarchy
---------------------------------------------------------------------------------
---------------------------------------------------------------------------------
Finished Rebuilding User Hierarchy : Time (s): cpu = 00:00:25 ; elapsed = 00:00:28 . Memory (MB): peak = 1227.000 ; gain = 116.078
---------------------------------------------------------------------------------
---------------------------------------------------------------------------------
Start Renaming Generated Ports
---------------------------------------------------------------------------------
---------------------------------------------------------------------------------
Finished Renaming Generated Ports : Time (s): cpu = 00:00:25 ; elapsed = 00:00:28 . Memory (MB): peak = 1227.000 ; gain = 116.078
---------------------------------------------------------------------------------
---------------------------------------------------------------------------------
Start Handling Custom Attributes
---------------------------------------------------------------------------------
---------------------------------------------------------------------------------
Finished Handling Custom Attributes : Time (s): cpu = 00:00:25 ; elapsed = 00:00:29 . Memory (MB): peak = 1227.000 ; gain = 116.078
---------------------------------------------------------------------------------
---------------------------------------------------------------------------------
Start Renaming Generated Nets
---------------------------------------------------------------------------------
---------------------------------------------------------------------------------
Finished Renaming Generated Nets : Time (s): cpu = 00:00:25 ; elapsed = 00:00:29 . Memory (MB): peak = 1227.000 ; gain = 116.078
---------------------------------------------------------------------------------
---------------------------------------------------------------------------------
Start Writing Synthesis Report
---------------------------------------------------------------------------------

Report BlackBoxes: 
+-+--------------+----------+
| |BlackBox name |Instances |
+-+--------------+----------+
+-+--------------+----------+

Report Cell Usage: 
+------+------+------+
|      |Cell  |Count |
+------+------+------+
|1     |OBUF  |    11|
|2     |OBUFT |    16|
+------+------+------+
---------------------------------------------------------------------------------
Finished Writing Synthesis Report : Time (s): cpu = 00:00:25 ; elapsed = 00:00:29 . Memory (MB): peak = 1227.000 ; gain = 116.078
---------------------------------------------------------------------------------
Synthesis finished with 0 errors, 0 critical warnings and 0 warnings.
Synthesis Optimization Runtime : Time (s): cpu = 00:00:17 ; elapsed = 00:00:26 . Memory (MB): peak = 1227.000 ; gain = 0.043
Synthesis Optimization Complete : Time (s): cpu = 00:00:25 ; elapsed = 00:00:29 . Memory (MB): peak = 1227.000 ; gain = 116.078
INFO: [Project 1-571] Translating synthesized netlist
Netlist sorting complete. Time (s): cpu = 00:00:00 ; elapsed = 00:00:00.001 . Memory (MB): peak = 1235.191 ; gain = 0.000
INFO: [Project 1-570] Preparing netlist for logic optimization
INFO: [Opt 31-138] Pushed 0 inverter(s) to 0 load pin(s).
Netlist sorting complete. Time (s): cpu = 00:00:00 ; elapsed = 00:00:00 . Memory (MB): peak = 1245.270 ; gain = 0.000
INFO: [Project 1-111] Unisim Transformation Summary:
No Unisim elements were transformed.

INFO: [Common 17-83] Releasing license: Synthesis
40 Infos, 6 Warnings, 2 Critical Warnings and 0 Errors encountered.
synth_design completed successfully
synth_design: Time (s): cpu = 00:00:31 ; elapsed = 00:00:37 . Memory (MB): peak = 1245.270 ; gain = 134.348
INFO: [Common 17-1381] The checkpoint 'H:/DL202010_Lab11/Lab 11/Lab 11.runs/synth_1/guessing_game.dcp' has been generated.
INFO: [runtcl-4] Executing : report_utilization -file guessing_game_utilization_synth.rpt -pb guessing_game_utilization_synth.pb
INFO: [Common 17-206] Exiting Vivado at Wed Nov 18 20:34:49 2020...
